<?xml version="1.0" encoding="UTF-8"?>
<!-- Generated by org.testng.reporters.JUnitReportReporter -->
<testsuite hostname="Adi" failures="0" tests="1" name="Questions.Q9" time="4.287" errors="0" timestamp="2025-08-26T14:00:17 IST" skipped="0">
  <testcase classname="Questions.Q9" name="f" time="4.287"/>
</testsuite> <!-- Questions.Q9 -->
