<?xml version="1.0" encoding="UTF-8"?>
<!-- Generated by org.testng.reporters.JUnitReportReporter -->
<testsuite hostname="Adi" failures="0" tests="1" name="Questions.Q8" time="10.789" errors="0" timestamp="2025-08-26T13:59:19 IST" skipped="0">
  <testcase classname="Questions.Q8" name="f" time="10.789"/>
</testsuite> <!-- Questions.Q8 -->
