<?xml version="1.0" encoding="UTF-8"?>
<!-- Generated by org.testng.reporters.JUnitReportReporter -->
<testsuite hostname="Adi" failures="0" tests="1" name="Questions.Q3" time="31.187" errors="0" timestamp="2025-08-26T10:47:06 IST" skipped="0">
  <testcase classname="Questions.Q3" name="f" time="31.187"/>
</testsuite> <!-- Questions.Q3 -->
