<?xml version="1.0" encoding="UTF-8"?>
<!-- Generated by org.testng.reporters.JUnitReportReporter -->
<testsuite hostname="Adi" failures="0" tests="1" name="Questions.Q2" time="14.074" errors="0" timestamp="2025-08-26T10:13:25 IST" skipped="0">
  <testcase classname="Questions.Q2" name="f" time="14.074"/>
</testsuite> <!-- Questions.Q2 -->
