<?xml version="1.0" encoding="UTF-8"?>
<!-- Generated by org.testng.reporters.JUnitReportReporter -->
<testsuite hostname="Adi" failures="0" tests="1" name="Questions.Q6" time="5.595" errors="0" timestamp="2025-08-29T11:58:25 IST" skipped="0">
  <testcase classname="Questions.Q6" name="f" time="5.595"/>
</testsuite> <!-- Questions.Q6 -->
