<?xml version="1.0" encoding="UTF-8"?>
<!-- Generated by org.testng.reporters.JUnitReportReporter -->
<testsuite hostname="Adi" failures="0" tests="1" name="Questions.Q3" time="17.019" errors="0" timestamp="2025-08-29T11:58:25 IST" skipped="0">
  <testcase classname="Questions.Q3" name="f" time="17.019"/>
</testsuite> <!-- Questions.Q3 -->
