<?xml version="1.0" encoding="UTF-8"?>
<!-- Generated by org.testng.reporters.JUnitReportReporter -->
<testsuite hostname="Adi" failures="0" tests="10" name="com.orangehrm.tests.LoginOrangeHRM" time="0.108" errors="1" timestamp="2025-08-29T11:09:19 IST" skipped="9">
  <testcase classname="com.orangehrm.tests.LoginOrangeHRM" name="setupreport" time="0.108">
    <error message="Cannot invoke &quot;com.aventstack.extentreports.ExtentReports.attachReporter(com.aventstack.extentreports.observer.ExtentObserver[])&quot; because &quot;com.orangehrm.utilities.ExtentManager.extent&quot; is null" type="java.lang.NullPointerException">
      <![CDATA[java.lang.NullPointerException: Cannot invoke "com.aventstack.extentreports.ExtentReports.attachReporter(com.aventstack.extentreports.observer.ExtentObserver[])" because "com.orangehrm.utilities.ExtentManager.extent" is null
at com.orangehrm.utilities.ExtentManager.getInstance(ExtentManager.java:14)
at com.orangehrm.base.BaseTest.setupreport(BaseTest.java:22)
at java.base/jdk.internal.reflect.DirectMethodHandleAccessor.invoke(DirectMethodHandleAccessor.java:103)
at java.base/java.lang.reflect.Method.invoke(Method.java:580)
at org.testng.internal.invokers.MethodInvocationHelper.invokeMethod(MethodInvocationHelper.java:141)
at org.testng.internal.invokers.MethodInvocationHelper.invokeMethodConsideringTimeout(MethodInvocationHelper.java:71)
at org.testng.internal.invokers.ConfigInvoker.invokeConfigurationMethod(ConfigInvoker.java:400)
at org.testng.internal.invokers.ConfigInvoker.invokeConfigurations(ConfigInvoker.java:333)
at org.testng.SuiteRunner.privateRun(SuiteRunner.java:358)
at org.testng.SuiteRunner.run(SuiteRunner.java:312)
at org.testng.SuiteRunnerWorker.runSuite(SuiteRunnerWorker.java:52)
at org.testng.SuiteRunnerWorker.run(SuiteRunnerWorker.java:95)
at org.testng.TestNG.runSuitesSequentially(TestNG.java:1274)
at org.testng.TestNG.runSuitesLocally(TestNG.java:1208)
at org.testng.TestNG.runSuites(TestNG.java:1112)
at org.testng.TestNG.run(TestNG.java:1079)
at org.testng.remote.AbstractRemoteTestNG.run(AbstractRemoteTestNG.java:115)
at org.testng.remote.RemoteTestNG.initAndRun(RemoteTestNG.java:293)
at org.testng.remote.RemoteTestNG.main(RemoteTestNG.java:91)
]]>
    </error>
  </testcase> <!-- setupreport -->
  <testcase classname="com.orangehrm.tests.LoginOrangeHRM" name="verifyQ9">
    <skipped/>
  </testcase> <!-- verifyQ9 -->
  <testcase classname="com.orangehrm.tests.LoginOrangeHRM" name="verifyQ8">
    <skipped/>
  </testcase> <!-- verifyQ8 -->
  <testcase classname="com.orangehrm.tests.LoginOrangeHRM" name="verifyQ7">
    <skipped/>
  </testcase> <!-- verifyQ7 -->
  <testcase classname="com.orangehrm.tests.LoginOrangeHRM" name="verifyQ6">
    <skipped/>
  </testcase> <!-- verifyQ6 -->
  <testcase classname="com.orangehrm.tests.LoginOrangeHRM" name="verifyQ5">
    <skipped/>
  </testcase> <!-- verifyQ5 -->
  <testcase classname="com.orangehrm.tests.LoginOrangeHRM" name="verifyQ4">
    <skipped/>
  </testcase> <!-- verifyQ4 -->
  <testcase classname="com.orangehrm.tests.LoginOrangeHRM" name="verifyQ3">
    <skipped/>
  </testcase> <!-- verifyQ3 -->
  <testcase classname="com.orangehrm.tests.LoginOrangeHRM" name="verifyQ2">
    <skipped/>
  </testcase> <!-- verifyQ2 -->
  <testcase classname="com.orangehrm.tests.LoginOrangeHRM" name="verifyQ1">
    <skipped/>
  </testcase> <!-- verifyQ1 -->
</testsuite> <!-- com.orangehrm.tests.LoginOrangeHRM -->
