<?xml version="1.0" encoding="UTF-8"?>
<!-- Generated by org.testng.reporters.JUnitReportReporter -->
<testsuite hostname="Adi" failures="0" tests="1" name="Questions.Q4" time="2.609" errors="0" timestamp="2025-08-29T12:08:53 IST" skipped="0">
  <testcase classname="Questions.Q4" name="f" time="2.609"/>
</testsuite> <!-- Questions.Q4 -->
