<?xml version="1.0" encoding="UTF-8"?>
<!-- Generated by org.testng.reporters.JUnitReportReporter -->
<testsuite hostname="Adi" failures="0" tests="1" name="Questions.Q2" time="7.619" errors="0" timestamp="2025-08-29T12:08:53 IST" skipped="0">
  <testcase classname="Questions.Q2" name="f" time="7.619"/>
</testsuite> <!-- Questions.Q2 -->
