<?xml version="1.0" encoding="UTF-8"?>
<!-- Generated by org.testng.reporters.JUnitReportReporter -->
<testsuite hostname="Adi" failures="0" tests="1" name="Questions.Q7" time="5.613" errors="0" timestamp="2025-08-29T12:08:53 IST" skipped="0">
  <testcase classname="Questions.Q7" name="f" time="5.613"/>
</testsuite> <!-- Questions.Q7 -->
