<?xml version="1.0" encoding="UTF-8"?>
<!-- Generated by org.testng.reporters.JUnitReportReporter -->
<testsuite hostname="Adi" failures="0" tests="1" name="Questions.Q8" time="4.161" errors="0" timestamp="2025-08-29T12:08:53 IST" skipped="0">
  <testcase classname="Questions.Q8" name="f" time="4.161"/>
</testsuite> <!-- Questions.Q8 -->
